<?xml version="1.0" encoding="UTF-8"?>
<testng-results ignored="0" total="1" passed="1" failed="0" skipped="0">
  <reporter-output>
  </reporter-output>
  <suite started-at="2025-04-24T17:30:13 IST" name="Default suite" finished-at="2025-04-24T17:30:29 IST" duration-ms="16401">
    <groups>
    </groups>
    <test started-at="2025-04-24T17:30:13 IST" name="Default test" finished-at="2025-04-24T17:30:29 IST" duration-ms="16401">
      <class name="TestClass.TC003testdata">
        <test-method is-config="true" signature="setup()[pri:0, instance:TestClass.TC003testdata@231f98ef]" started-at="2025-04-24T17:30:13 IST" name="setup" finished-at="2025-04-24T17:30:26 IST" duration-ms="12961" status="PASS">
          <reporter-output>
          </reporter-output>
        </test-method> <!-- setup -->
        <test-method signature="verifytestdata()[pri:0, instance:TestClass.TC003testdata@231f98ef]" started-at="2025-04-24T17:30:26 IST" name="verifytestdata" finished-at="2025-04-24T17:30:29 IST" duration-ms="3355" status="PASS">
          <reporter-output>
          </reporter-output>
        </test-method> <!-- verifytestdata -->
      </class> <!-- TestClass.TC003testdata -->
    </test> <!-- Default test -->
  </suite> <!-- Default suite -->
</testng-results>
